# started on Sun May 31 15:36:38 2020


 Performance counter stats for 'python3 /home/ljaliminche/Desktop/CSE220/project/Latest/sweeping_scripts/png/filter_png_2000.py':

        571.624793      task-clock (msec)         #    2.095 CPUs utilized          
               183      context-switches          #    0.320 K/sec                  
                 0      cpu-migrations            #    0.000 K/sec                  
             7,016      page-faults               #    0.012 M/sec                  
    1,64,06,49,831      cycles                    #    2.870 GHz                      (29.49%)
    1,22,07,67,653      instructions              #    0.74  insn per cycle           (38.36%)
      24,87,38,831      branches                  #  435.144 M/sec                    (40.34%)
         81,57,544      branch-misses             #    3.28% of all branches          (41.50%)
      37,25,65,908      L1-dcache-loads           #  651.767 M/sec                    (41.30%)
       1,51,51,089      L1-dcache-load-misses     #    4.07% of all L1-dcache hits    (40.76%)
         44,90,229      LLC-loads                 #    7.855 M/sec                    (30.71%)
          9,20,631      LLC-load-misses           #   20.50% of all LL-cache hits     (30.02%)
   <not supported>      L1-icache-loads                                             
         63,10,442      L1-icache-load-misses                                         (29.87%)
      37,20,99,992      dTLB-loads                #  650.951 M/sec                    (29.75%)
          6,79,418      dTLB-load-misses          #    0.18% of all dTLB cache hits   (28.94%)
         13,93,301      iTLB-loads                #    2.437 M/sec                    (28.48%)
          7,00,492      iTLB-load-misses          #   50.28% of all iTLB cache hits   (28.84%)

       0.272799279 seconds time elapsed

