# started on Sun May 31 15:36:38 2020


 Performance counter stats for 'python3 /home/ljaliminche/Desktop/CSE220/project/Latest/sweeping_scripts/png/filter_png_3000.py':

        586.157139      task-clock (msec)         #    2.167 CPUs utilized          
               147      context-switches          #    0.251 K/sec                  
                 2      cpu-migrations            #    0.003 K/sec                  
             7,026      page-faults               #    0.012 M/sec                  
    1,69,03,73,453      cycles                    #    2.884 GHz                      (32.19%)
    1,30,69,46,386      instructions              #    0.77  insn per cycle           (39.80%)
      26,51,52,239      branches                  #  452.357 M/sec                    (39.65%)
         88,82,195      branch-misses             #    3.35% of all branches          (37.51%)
      38,88,58,725      L1-dcache-loads           #  663.404 M/sec                    (36.49%)
       1,69,15,086      L1-dcache-load-misses     #    4.35% of all L1-dcache hits    (37.05%)
         50,98,635      LLC-loads                 #    8.698 M/sec                    (30.06%)
         10,58,677      LLC-load-misses           #   20.76% of all LL-cache hits     (30.76%)
   <not supported>      L1-icache-loads                                             
         58,35,208      L1-icache-load-misses                                         (30.63%)
      38,03,63,915      dTLB-loads                #  648.911 M/sec                    (30.76%)
          7,06,580      dTLB-load-misses          #    0.19% of all dTLB cache hits   (30.29%)
         14,56,558      iTLB-loads                #    2.485 M/sec                    (31.73%)
          7,58,011      iTLB-load-misses          #   52.04% of all iTLB cache hits   (32.87%)

       0.270544456 seconds time elapsed

